<?xml version="1.0" encoding="UTF-8"?>
<!-- Generated by org.testng.reporters.JUnitXMLReporter -->
<testsuite ignored="0" hostname="VJ" failures="0" tests="5" name="AllTests" time="19.963" errors="0" timestamp="2026-04-19T23:45:11 IST">
  <testcase classname="tests.LoginTest" name="userShouldLoginSuccessfullyWithValidCredentials" time="0.301"/>
  <testcase classname="tests.OrderTest" name="completeOrderFlow" time="0.688"/>
  <testcase classname="tests.NegativeTest" name="emptyCartShouldShowCheckoutButton" time="10.453"/>
  <testcase classname="tests.NegativeTest" name="invalidLoginShouldShowError" time="0.326"/>
  <testcase classname="tests.NegativeTest" name="lockedUserShouldNotLogin" time="0.362"/>
</testsuite> <!-- AllTests -->
