<?xml version="1.0" encoding="UTF-8"?>
<!-- Generated by org.testng.reporters.JUnitXMLReporter -->
<testsuite ignored="0" hostname="narasimha" failures="0" tests="5" name="AllTests" time="27.456" errors="0" timestamp="2026-04-20T12:30:46 IST">
  <testcase classname="tests.LoginTest" name="userShouldLoginSuccessfullyWithValidCredentials" time="0.557"/>
  <testcase classname="tests.OrderTest" name="completeOrderFlow" time="4.452"/>
  <testcase classname="tests.NegativeTest" name="emptyCartShouldShowCheckoutButton" time="11.102"/>
  <testcase classname="tests.NegativeTest" name="invalidLoginShouldShowError" time="0.508"/>
  <testcase classname="tests.NegativeTest" name="lockedUserShouldNotLogin" time="0.735"/>
</testsuite> <!-- AllTests -->
