<?xml version="1.0" encoding="UTF-8"?>
<testng-results ignored="0" total="5" passed="5" failed="0" skipped="0">
  <reporter-output>
  </reporter-output>
  <suite started-at="2026-04-19T23:44:51 IST" name="Suite" finished-at="2026-04-19T23:45:11 IST" duration-ms="19963">
    <groups>
    </groups>
    <test started-at="2026-04-19T23:44:51 IST" name="AllTests" finished-at="2026-04-19T23:45:11 IST" duration-ms="19963">
      <class name="tests.LoginTest">
        <test-method is-config="true" signature="launchApplication()[pri:0, instance:tests.LoginTest@53aac487]" started-at="2026-04-19T23:44:51 IST" name="launchApplication" finished-at="2026-04-19T23:44:53 IST" duration-ms="1892" status="PASS">
          <reporter-output>
          </reporter-output>
        </test-method> <!-- launchApplication -->
        <test-method signature="userShouldLoginSuccessfullyWithValidCredentials()[pri:0, instance:tests.LoginTest@53aac487]" started-at="2026-04-19T23:44:53 IST" name="userShouldLoginSuccessfullyWithValidCredentials" description="Valid credentials should redirect to the inventory page" finished-at="2026-04-19T23:44:53 IST" duration-ms="301" status="PASS">
          <reporter-output>
          </reporter-output>
        </test-method> <!-- userShouldLoginSuccessfullyWithValidCredentials -->
        <test-method is-config="true" signature="closeBrowser()[pri:0, instance:tests.LoginTest@53aac487]" started-at="2026-04-19T23:44:53 IST" name="closeBrowser" finished-at="2026-04-19T23:44:54 IST" duration-ms="240" status="PASS">
          <reporter-output>
          </reporter-output>
        </test-method> <!-- closeBrowser -->
      </class> <!-- tests.LoginTest -->
      <class name="tests.OrderTest">
        <test-method is-config="true" signature="launchApplication()[pri:0, instance:tests.OrderTest@644baf4a]" started-at="2026-04-19T23:44:54 IST" name="launchApplication" finished-at="2026-04-19T23:44:55 IST" duration-ms="1184" status="PASS">
          <reporter-output>
          </reporter-output>
        </test-method> <!-- launchApplication -->
        <test-method signature="completeOrderFlow()[pri:0, instance:tests.OrderTest@644baf4a]" started-at="2026-04-19T23:44:55 IST" name="completeOrderFlow" description="User should be able to complete a full purchase flow" finished-at="2026-04-19T23:44:55 IST" duration-ms="688" status="PASS">
          <reporter-output>
          </reporter-output>
        </test-method> <!-- completeOrderFlow -->
        <test-method is-config="true" signature="closeBrowser()[pri:0, instance:tests.OrderTest@644baf4a]" started-at="2026-04-19T23:44:55 IST" name="closeBrowser" finished-at="2026-04-19T23:44:56 IST" duration-ms="177" status="PASS">
          <reporter-output>
          </reporter-output>
        </test-method> <!-- closeBrowser -->
      </class> <!-- tests.OrderTest -->
      <class name="tests.NegativeTest">
        <test-method is-config="true" signature="launchApplication()[pri:0, instance:tests.NegativeTest@7526515b]" started-at="2026-04-19T23:44:56 IST" name="launchApplication" finished-at="2026-04-19T23:44:57 IST" duration-ms="1154" status="PASS">
          <reporter-output>
          </reporter-output>
        </test-method> <!-- launchApplication -->
        <test-method signature="emptyCartShouldShowCheckoutButton()[pri:0, instance:tests.NegativeTest@7526515b]" started-at="2026-04-19T23:44:57 IST" name="emptyCartShouldShowCheckoutButton" description="Empty cart should display the checkout button" finished-at="2026-04-19T23:45:07 IST" duration-ms="10453" status="PASS">
          <reporter-output>
          </reporter-output>
        </test-method> <!-- emptyCartShouldShowCheckoutButton -->
        <test-method is-config="true" signature="closeBrowser()[pri:0, instance:tests.NegativeTest@7526515b]" started-at="2026-04-19T23:45:07 IST" name="closeBrowser" finished-at="2026-04-19T23:45:07 IST" duration-ms="181" status="PASS">
          <reporter-output>
          </reporter-output>
        </test-method> <!-- closeBrowser -->
        <test-method is-config="true" signature="launchApplication()[pri:0, instance:tests.NegativeTest@7526515b]" started-at="2026-04-19T23:45:07 IST" name="launchApplication" finished-at="2026-04-19T23:45:09 IST" duration-ms="1262" status="PASS">
          <reporter-output>
          </reporter-output>
        </test-method> <!-- launchApplication -->
        <test-method signature="invalidLoginShouldShowError()[pri:0, instance:tests.NegativeTest@7526515b]" started-at="2026-04-19T23:45:09 IST" name="invalidLoginShouldShowError" description="Invalid credentials should display an error message" finished-at="2026-04-19T23:45:09 IST" duration-ms="326" status="PASS">
          <reporter-output>
          </reporter-output>
        </test-method> <!-- invalidLoginShouldShowError -->
        <test-method is-config="true" signature="closeBrowser()[pri:0, instance:tests.NegativeTest@7526515b]" started-at="2026-04-19T23:45:09 IST" name="closeBrowser" finished-at="2026-04-19T23:45:09 IST" duration-ms="183" status="PASS">
          <reporter-output>
          </reporter-output>
        </test-method> <!-- closeBrowser -->
        <test-method is-config="true" signature="launchApplication()[pri:0, instance:tests.NegativeTest@7526515b]" started-at="2026-04-19T23:45:09 IST" name="launchApplication" finished-at="2026-04-19T23:45:11 IST" duration-ms="1308" status="PASS">
          <reporter-output>
          </reporter-output>
        </test-method> <!-- launchApplication -->
        <test-method signature="lockedUserShouldNotLogin()[pri:0, instance:tests.NegativeTest@7526515b]" started-at="2026-04-19T23:45:11 IST" name="lockedUserShouldNotLogin" description="Locked account should be blocked from logging in" finished-at="2026-04-19T23:45:11 IST" duration-ms="362" status="PASS">
          <reporter-output>
          </reporter-output>
        </test-method> <!-- lockedUserShouldNotLogin -->
        <test-method is-config="true" signature="closeBrowser()[pri:0, instance:tests.NegativeTest@7526515b]" started-at="2026-04-19T23:45:11 IST" name="closeBrowser" finished-at="2026-04-19T23:45:11 IST" duration-ms="209" status="PASS">
          <reporter-output>
          </reporter-output>
        </test-method> <!-- closeBrowser -->
      </class> <!-- tests.NegativeTest -->
    </test> <!-- AllTests -->
  </suite> <!-- Suite -->
</testng-results>
