<?xml version="1.0" encoding="UTF-8"?>
<testng-results ignored="0" total="5" passed="5" failed="0" skipped="0">
  <reporter-output>
  </reporter-output>
  <suite started-at="2026-04-20T12:30:18 IST" name="Suite" finished-at="2026-04-20T12:30:46 IST" duration-ms="27456">
    <groups>
    </groups>
    <test started-at="2026-04-20T12:30:18 IST" name="AllTests" finished-at="2026-04-20T12:30:46 IST" duration-ms="27456">
      <class name="tests.LoginTest">
        <test-method is-config="true" signature="launchApplication()[pri:0, instance:tests.LoginTest@206a70ef]" started-at="2026-04-20T12:30:18 IST" name="launchApplication" finished-at="2026-04-20T12:30:21 IST" duration-ms="2916" status="PASS">
          <reporter-output>
          </reporter-output>
        </test-method> <!-- launchApplication -->
        <test-method signature="userShouldLoginSuccessfullyWithValidCredentials()[pri:0, instance:tests.LoginTest@206a70ef]" started-at="2026-04-20T12:30:21 IST" name="userShouldLoginSuccessfullyWithValidCredentials" description="Valid credentials should redirect to the inventory page" finished-at="2026-04-20T12:30:22 IST" duration-ms="557" status="PASS">
          <reporter-output>
          </reporter-output>
        </test-method> <!-- userShouldLoginSuccessfullyWithValidCredentials -->
        <test-method is-config="true" signature="closeBrowser()[pri:0, instance:tests.LoginTest@206a70ef]" started-at="2026-04-20T12:30:22 IST" name="closeBrowser" finished-at="2026-04-20T12:30:22 IST" duration-ms="197" status="PASS">
          <reporter-output>
          </reporter-output>
        </test-method> <!-- closeBrowser -->
      </class> <!-- tests.LoginTest -->
      <class name="tests.OrderTest">
        <test-method is-config="true" signature="launchApplication()[pri:0, instance:tests.OrderTest@302552ec]" started-at="2026-04-20T12:30:22 IST" name="launchApplication" finished-at="2026-04-20T12:30:23 IST" duration-ms="1321" status="PASS">
          <reporter-output>
          </reporter-output>
        </test-method> <!-- launchApplication -->
        <test-method signature="completeOrderFlow()[pri:0, instance:tests.OrderTest@302552ec]" started-at="2026-04-20T12:30:23 IST" name="completeOrderFlow" description="User should be able to complete a full purchase flow" finished-at="2026-04-20T12:30:28 IST" duration-ms="4452" status="PASS">
          <reporter-output>
          </reporter-output>
        </test-method> <!-- completeOrderFlow -->
        <test-method is-config="true" signature="closeBrowser()[pri:0, instance:tests.OrderTest@302552ec]" started-at="2026-04-20T12:30:28 IST" name="closeBrowser" finished-at="2026-04-20T12:30:28 IST" duration-ms="154" status="PASS">
          <reporter-output>
          </reporter-output>
        </test-method> <!-- closeBrowser -->
      </class> <!-- tests.OrderTest -->
      <class name="tests.NegativeTest">
        <test-method is-config="true" signature="launchApplication()[pri:0, instance:tests.NegativeTest@3d285d7e]" started-at="2026-04-20T12:30:28 IST" name="launchApplication" finished-at="2026-04-20T12:30:30 IST" duration-ms="1913" status="PASS">
          <reporter-output>
          </reporter-output>
        </test-method> <!-- launchApplication -->
        <test-method signature="emptyCartShouldShowCheckoutButton()[pri:0, instance:tests.NegativeTest@3d285d7e]" started-at="2026-04-20T12:30:30 IST" name="emptyCartShouldShowCheckoutButton" description="Empty cart should display the checkout button" finished-at="2026-04-20T12:30:41 IST" duration-ms="11102" status="PASS">
          <reporter-output>
          </reporter-output>
        </test-method> <!-- emptyCartShouldShowCheckoutButton -->
        <test-method is-config="true" signature="closeBrowser()[pri:0, instance:tests.NegativeTest@3d285d7e]" started-at="2026-04-20T12:30:41 IST" name="closeBrowser" finished-at="2026-04-20T12:30:41 IST" duration-ms="219" status="PASS">
          <reporter-output>
          </reporter-output>
        </test-method> <!-- closeBrowser -->
        <test-method is-config="true" signature="launchApplication()[pri:0, instance:tests.NegativeTest@3d285d7e]" started-at="2026-04-20T12:30:41 IST" name="launchApplication" finished-at="2026-04-20T12:30:43 IST" duration-ms="1383" status="PASS">
          <reporter-output>
          </reporter-output>
        </test-method> <!-- launchApplication -->
        <test-method signature="invalidLoginShouldShowError()[pri:0, instance:tests.NegativeTest@3d285d7e]" started-at="2026-04-20T12:30:43 IST" name="invalidLoginShouldShowError" description="Invalid credentials should display an error message" finished-at="2026-04-20T12:30:43 IST" duration-ms="508" status="PASS">
          <reporter-output>
          </reporter-output>
        </test-method> <!-- invalidLoginShouldShowError -->
        <test-method is-config="true" signature="closeBrowser()[pri:0, instance:tests.NegativeTest@3d285d7e]" started-at="2026-04-20T12:30:43 IST" name="closeBrowser" finished-at="2026-04-20T12:30:43 IST" duration-ms="241" status="PASS">
          <reporter-output>
          </reporter-output>
        </test-method> <!-- closeBrowser -->
        <test-method is-config="true" signature="launchApplication()[pri:0, instance:tests.NegativeTest@3d285d7e]" started-at="2026-04-20T12:30:43 IST" name="launchApplication" finished-at="2026-04-20T12:30:45 IST" duration-ms="1379" status="PASS">
          <reporter-output>
          </reporter-output>
        </test-method> <!-- launchApplication -->
        <test-method signature="lockedUserShouldNotLogin()[pri:0, instance:tests.NegativeTest@3d285d7e]" started-at="2026-04-20T12:30:45 IST" name="lockedUserShouldNotLogin" description="Locked account should be blocked from logging in" finished-at="2026-04-20T12:30:45 IST" duration-ms="735" status="PASS">
          <reporter-output>
          </reporter-output>
        </test-method> <!-- lockedUserShouldNotLogin -->
        <test-method is-config="true" signature="closeBrowser()[pri:0, instance:tests.NegativeTest@3d285d7e]" started-at="2026-04-20T12:30:45 IST" name="closeBrowser" finished-at="2026-04-20T12:30:46 IST" duration-ms="296" status="PASS">
          <reporter-output>
          </reporter-output>
        </test-method> <!-- closeBrowser -->
      </class> <!-- tests.NegativeTest -->
    </test> <!-- AllTests -->
  </suite> <!-- Suite -->
</testng-results>
