<?xml version="1.0" encoding="UTF-8"?>
<!-- Generated by org.testng.reporters.JUnitReportReporter -->
<testsuite hostname="VJ" failures="0" tests="3" name="tests.NegativeTest" time="15.438" errors="0" timestamp="2026-04-19T23:45:11 IST" skipped="0">
  <testcase classname="tests.NegativeTest" name="lockedUserShouldNotLogin" time="1.833"/>
  <testcase classname="tests.NegativeTest" name="emptyCartShouldShowCheckoutButton" time="11.944"/>
  <testcase classname="tests.NegativeTest" name="invalidLoginShouldShowError" time="1.661"/>
</testsuite> <!-- tests.NegativeTest -->
