<?xml version="1.0" encoding="UTF-8"?>
<!-- Generated by org.testng.reporters.JUnitReportReporter -->
<testsuite hostname="narasimha" failures="0" tests="3" name="tests.NegativeTest" time="17.776" errors="0" timestamp="2026-04-20T12:30:46 IST" skipped="0">
  <testcase classname="tests.NegativeTest" name="invalidLoginShouldShowError" time="2.110"/>
  <testcase classname="tests.NegativeTest" name="emptyCartShouldShowCheckoutButton" time="12.722"/>
  <testcase classname="tests.NegativeTest" name="lockedUserShouldNotLogin" time="2.944"/>
</testsuite> <!-- tests.NegativeTest -->
